<?xml version="1.0" encoding="UTF-8"?>

<!--
    _________        _____ __________________        _____
    __  ____/___________(_)______  /__  ____/______ ____(_)_______
    _  / __  __  ___/__  / _  __  / _  / __  _  __ `/__  / __  __ \
    / /_/ /  _  /    _  /  / /_/ /  / /_/ /  / /_/ / _  /  _  / / /
    \____/   /_/     /_/   \_,__/   \____/   \__,_/  /_/   /_/ /_/

    Copyright (C) GridGain Systems Licensed under GPLv3, http://www.gnu.org/licenses/gpl.html
    Version: 4.0.3c.14052012
-->

<!DOCTYPE log4j:configuration SYSTEM "log4j.dtd">

<!--
    Default log4j configuration for GridGain.
-->
<log4j:configuration xmlns:log4j="http://jakarta.apache.org/log4j/" debug="false">
    <!--
        Logs System.out messages to console.
    -->
    <appender name="CONSOLE" class="org.apache.log4j.ConsoleAppender">
        <!-- Log to STDOUT. -->
        <param name="Target" value="System.out"/>

        <!-- Log from DEBUG and higher. -->
        <param name="Threshold" value="DEBUG"/>

        <!-- Follow STDOUR/STDERR -->
        <param name="Follow" value="true"/>

        <!-- The default pattern: Date Priority [Category] Message\n -->
        <layout class="org.apache.log4j.PatternLayout">
            <param name="ConversionPattern" value="[%d{ABSOLUTE}][%-5p][%t][%c{1}] %m%n"/>
        </layout>

        <!-- Do not log beyond INFO level. -->
        <filter class="org.apache.log4j.varia.LevelRangeFilter">
            <param name="levelMin" value="DEBUG"/>
            <param name="levelMax" value="INFO"/>
        </filter>
    </appender>

    <!--
        Logs all System.err messages to console.
    -->
    <appender name="CONSOLE_ERR" class="org.apache.log4j.ConsoleAppender">
        <!-- Log to STDERR. -->
        <param name="Target" value="System.err"/>

        <!-- Log from WARN and higher. -->
        <param name="Threshold" value="WARN"/>

        <!-- Follow STDOUR/STDERR -->
        <param name="Follow" value="true"/>

        <!-- The default pattern: Date Priority [Category] Message\n -->
        <layout class="org.apache.log4j.PatternLayout">
            <param name="ConversionPattern" value="[%d{ABSOLUTE}][%-5p][%t][%c{1}] %m%n"/>
        </layout>
    </appender>

    <!--
        Uncomment to enable GridGain debugging.
    -->
    <!--
    <category name="org.gridgain">
        <level value="DEBUG"/>
    </category>
    -->

    <!-- Default settings. -->
    <root>
        <!-- Print out all debug by default. -->
        <level value="INFO"/>

        <!-- Append to file and console. -->
        <appender-ref ref="CONSOLE"/>
        <appender-ref ref="CONSOLE_ERR"/>
    </root>
</log4j:configuration>
